<?xml version="1.0" encoding="UTF-8"?>
<testng-results skipped="0" failed="0" total="1" passed="1">
  <reporter-output>
  </reporter-output>
  <suite name="Default suite" duration-ms="43560" started-at="2019-02-13T08:37:52Z" finished-at="2019-02-13T08:38:35Z">
    <groups>
    </groups>
    <test name="Default test" duration-ms="43560" started-at="2019-02-13T08:37:52Z" finished-at="2019-02-13T08:38:35Z">
      <class name="com.mycompany.app.AssignmentOne">
        <test-method status="PASS" signature="amazonListOfProductImage()[pri:0, instance:com.mycompany.app.AssignmentOne@1efbd816]" name="amazonListOfProductImage" duration-ms="43502" started-at="2019-02-13T14:07:52Z" finished-at="2019-02-13T14:08:35Z">
          <reporter-output>
          </reporter-output>
        </test-method> <!-- amazonListOfProductImage -->
      </class> <!-- com.mycompany.app.AssignmentOne -->
    </test> <!-- Default test -->
  </suite> <!-- Default suite -->
</testng-results>
